2023-03-07 23:44:05,229 :INFO : test_e2e :Opened the URL
2023-03-07 23:44:05,229 :INFO : test_e2e :Initial Load Time: 306 ms
2023-03-07 23:44:05,290 :INFO : test_e2e :Clicked on My Account
2023-03-07 23:44:05,739 :INFO : test_e2e :Clicked on Login
2023-03-07 23:44:06,772 :INFO : test_e2e :Entered Email & Password, Clicked on Submit
2023-03-07 23:44:11,776 :INFO : test_e2e :Logged in Successfully
2023-03-07 23:44:12,420 :INFO : test_e2e :Clicked on Phones & PDA's tab
2023-03-07 23:44:12,420 :INFO : test_e2e :Products Load Time: 306 ms
2023-03-07 23:44:13,691 :INFO : test_e2e :Clicked on iPhone from displayed results
2023-03-07 23:44:13,738 :INFO : test_e2e :Clicked on Add To Cart
2023-03-07 23:44:14,308 :INFO : test_e2e :Validated the success message after adding to cart
2023-03-07 23:44:15,128 :INFO : test_e2e :Clicked on Checkout
2023-03-07 23:44:15,172 :INFO : test_e2e :Validated the error message displayed
2023-03-07 23:44:15,243 :INFO : test_e2e :Clicked on My Account for next loop
2023-03-07 23:44:15,919 :INFO : test_e2e :Clicked on Logout
2023-03-07 23:44:15,919 :INFO : test_e2e :Initial CPU usage: 23.1%
2023-03-07 23:44:15,919 :INFO : test_e2e :Post-initial CPU usage: 23.1%
2023-03-07 23:44:15,919 :INFO : test_e2e :Initial memory usage: 94.1%
2023-03-07 23:44:15,920 :INFO : test_e2e :Post-initial memory usage: 94.1%
2023-03-07 23:44:15,920 :INFO : test_e2e :Post-product CPU usage: 12.5%
2023-03-07 23:44:15,920 :INFO : test_e2e :Post-product memory usage: 94.1%
2023-03-07 23:44:16,360 :INFO : test_e2e :Opened the URL
2023-03-07 23:44:16,360 :INFO : test_e2e :Initial Load Time: 582 ms
2023-03-07 23:44:16,421 :INFO : test_e2e :Clicked on My Account
2023-03-07 23:44:16,840 :INFO : test_e2e :Clicked on Login
2023-03-07 23:44:17,720 :INFO : test_e2e :Entered Email & Password, Clicked on Submit
2023-03-07 23:44:22,733 :INFO : test_e2e :Logged in Successfully
2023-03-07 23:44:23,263 :INFO : test_e2e :Clicked on Phones & PDA's tab
2023-03-07 23:44:23,263 :INFO : test_e2e :Products Load Time: 582 ms
2023-03-07 23:44:25,990 :INFO : test_e2e :Clicked on iPhone from displayed results
2023-03-07 23:44:26,061 :INFO : test_e2e :Clicked on Add To Cart
2023-03-07 23:44:26,651 :INFO : test_e2e :Validated the success message after adding to cart
2023-03-07 23:44:27,322 :INFO : test_e2e :Clicked on Checkout
2023-03-07 23:44:27,363 :INFO : test_e2e :Validated the error message displayed
2023-03-07 23:44:27,455 :INFO : test_e2e :Clicked on My Account for next loop
2023-03-07 23:44:28,091 :INFO : test_e2e :Clicked on Logout
2023-03-07 23:44:28,091 :INFO : test_e2e :Initial CPU usage: 9.4%
2023-03-07 23:44:28,091 :INFO : test_e2e :Post-initial CPU usage: 9.4%
2023-03-07 23:44:28,091 :INFO : test_e2e :Initial memory usage: 92.0%
2023-03-07 23:44:28,091 :INFO : test_e2e :Post-initial memory usage: 92.0%
2023-03-07 23:44:28,091 :INFO : test_e2e :Post-product CPU usage: 0.0%
2023-03-07 23:44:28,091 :INFO : test_e2e :Post-product memory usage: 92.0%
