2023-04-10 23:42:37,490 :INFO : TestcaseOne :Opened the URL
2023-04-10 23:42:37,490 :INFO : TestcaseOne :Initial Load Time: 357 ms
2023-04-10 23:42:37,553 :INFO : TestcaseOne :Clicked on My Account
2023-04-10 23:42:38,138 :INFO : TestcaseOne :Clicked on Login
2023-04-10 23:42:39,628 :INFO : TestcaseOne :Entered Email & Password, Clicked on Submit
2023-04-10 23:42:44,638 :INFO : TestcaseOne :Logged in Successfully
2023-04-10 23:42:45,608 :INFO : TestcaseOne :Clicked on Phones & PDA's tab
2023-04-10 23:42:45,608 :INFO : TestcaseOne :Products Load Time: 357 ms
2023-04-10 23:42:47,961 :INFO : TestcaseOne :Clicked on iPhone from displayed results
2023-04-10 23:42:48,007 :INFO : TestcaseOne :Clicked on Add To Cart
2023-04-10 23:42:48,565 :INFO : TestcaseOne :Validated the success message after adding to cart
2023-04-10 23:42:49,550 :INFO : TestcaseOne :Clicked on Checkout
2023-04-10 23:42:49,612 :INFO : TestcaseOne :Validated the error message displayed
2023-04-10 23:42:49,694 :INFO : TestcaseOne :Clicked on My Account for next loop
2023-04-10 23:42:50,659 :INFO : TestcaseOne :Clicked on Logout
2023-04-10 23:42:50,659 :INFO : TestcaseOne :Initial CPU usage: 22.3%
2023-04-10 23:42:50,659 :INFO : TestcaseOne :Post-initial CPU usage: 22.3%
2023-04-10 23:42:50,659 :INFO : TestcaseOne :Initial memory usage: 98.4%
2023-04-10 23:42:50,659 :INFO : TestcaseOne :Post-initial memory usage: 98.4%
2023-04-10 23:42:50,659 :INFO : TestcaseOne :Post-product CPU usage: 14.3%
2023-04-10 23:42:50,659 :INFO : TestcaseOne :Post-product memory usage: 98.2%
2023-04-10 23:42:51,264 :INFO : TestcaseOne :Opened the URL
2023-04-10 23:42:51,264 :INFO : TestcaseOne :Initial Load Time: 890 ms
2023-04-10 23:42:51,313 :INFO : TestcaseOne :Clicked on My Account
2023-04-10 23:42:51,875 :INFO : TestcaseOne :Clicked on Login
2023-04-10 23:42:52,965 :INFO : TestcaseOne :Entered Email & Password, Clicked on Submit
2023-04-10 23:42:57,979 :INFO : TestcaseOne :Logged in Successfully
2023-04-10 23:42:58,581 :INFO : TestcaseOne :Clicked on Phones & PDA's tab
2023-04-10 23:42:58,581 :INFO : TestcaseOne :Products Load Time: 890 ms
2023-04-10 23:42:59,771 :INFO : TestcaseOne :Clicked on iPhone from displayed results
2023-04-10 23:42:59,828 :INFO : TestcaseOne :Clicked on Add To Cart
2023-04-10 23:43:00,407 :INFO : TestcaseOne :Validated the success message after adding to cart
2023-04-10 23:43:01,390 :INFO : TestcaseOne :Clicked on Checkout
2023-04-10 23:43:01,425 :INFO : TestcaseOne :Validated the error message displayed
2023-04-10 23:43:01,497 :INFO : TestcaseOne :Clicked on My Account for next loop
2023-04-10 23:43:02,454 :INFO : TestcaseOne :Clicked on Logout
2023-04-10 23:43:02,455 :INFO : TestcaseOne :Initial CPU usage: 6.4%
2023-04-10 23:43:02,455 :INFO : TestcaseOne :Post-initial CPU usage: 6.4%
2023-04-10 23:43:02,455 :INFO : TestcaseOne :Initial memory usage: 94.4%
2023-04-10 23:43:02,455 :INFO : TestcaseOne :Post-initial memory usage: 94.4%
2023-04-10 23:43:02,455 :INFO : TestcaseOne :Post-product CPU usage: 0.0%
2023-04-10 23:43:02,455 :INFO : TestcaseOne :Post-product memory usage: 94.5%
2023-04-10 23:43:02,455 :INFO : TestcaseOne :UI Test case Passed and proceeding with API Test Case
2023-04-10 23:43:02,465 :INFO : TestcaseOne :API testing started
2023-04-10 23:43:03,528 :INFO : TestcaseOne :API testing is Passed
